=== Setting up performance development environment ===
Timestamp: 2025-10-29T02:36:03+00:00
Working directory: /home/runner/work/gh-aw/gh-aw

=== Go Environment ===
go version go1.24.5 linux/amd64
GOPATH: 
GOCACHE: /home/runner/.cache/go-build

=== Node Environment ===
v24.10.0
11.6.1

=== Installing Go Dependencies ===
Running: go mod download
Running: go mod verify
all modules verified
Running: go mod tidy
go: downloading github.com/dlclark/regexp2 v1.11.0
go: downloading github.com/google/go-cmp v0.7.0
go: downloading golang.org/x/tools v0.35.0
go: downloading github.com/cli/shurcooL-graphql v0.0.4
go: downloading github.com/stretchr/testify v1.8.1
go: downloading github.com/MakeNowJust/heredoc v1.0.0
go: downloading github.com/davecgh/go-spew v1.1.1
go: downloading github.com/pmezard/go-difflib v1.0.0
go: downloading gopkg.in/yaml.v3 v3.0.1
go: downloading github.com/muesli/reflow v0.3.0
go: downloading golang.org/x/exp v0.0.0-20220909182711-5c715a9e8561
✓ Go dependencies installed in 1s

=== Installing Go Development Tools ===
Installing gopls...
go: downloading golang.org/x/tools v0.38.0
go: downloading golang.org/x/tools/gopls v0.20.0
go: downloading golang.org/x/telemetry v0.0.0-20250710130107-8d8967aff50b
go: downloading golang.org/x/tools v0.35.1-0.20250728180453-01a3475a31bc
go: downloading golang.org/x/mod v0.26.0
go: downloading golang.org/x/vuln v1.1.4
go: downloading github.com/fatih/gomodifytags v1.17.1-0.20250423142747-f3939df9aa3c
go: downloading mvdan.cc/xurls/v2 v2.6.0
go: downloading honnef.co/go/tools v0.7.0-0.dev.0.20250523013057-bbc2f4dd71ea
go: downloading golang.org/x/text v0.27.0
go: downloading mvdan.cc/gofumpt v0.8.0
go: downloading golang.org/x/sys v0.34.0
go: downloading github.com/fatih/camelcase v1.0.0
go: downloading github.com/fatih/structtag v1.2.0
go: downloading golang.org/x/exp/typeparams v0.0.0-20250620022241-b7579e27df2b
go: downloading github.com/BurntSushi/toml v1.5.0
Installing actionlint...
go: downloading github.com/rhysd/actionlint v1.7.8
go: downloading github.com/bmatcuk/doublestar/v4 v4.9.1
go: downloading github.com/fatih/color v1.18.0
go: downloading github.com/mattn/go-colorable v0.1.14
go: downloading github.com/mattn/go-runewidth v0.0.17
go: downloading github.com/mattn/go-shellwords v1.0.12
go: downloading github.com/robfig/cron/v3 v3.0.1
go: downloading go.yaml.in/yaml/v4 v4.0.0-rc.2
go: downloading golang.org/x/sync v0.17.0
go: downloading golang.org/x/sys v0.36.0
Installing golangci-lint...
go: downloading github.com/golangci/golangci-lint v1.64.8
go: downloading github.com/gofrs/flock v0.12.1
go: downloading github.com/hashicorp/go-version v1.7.0
go: downloading github.com/pelletier/go-toml/v2 v2.2.3
go: downloading github.com/santhosh-tekuri/jsonschema/v6 v6.0.1
go: downloading github.com/spf13/pflag v1.0.6
go: downloading github.com/spf13/viper v1.12.0
go: downloading go.uber.org/automaxprocs v1.6.0
go: downloading golang.org/x/tools v0.31.0
go: downloading github.com/go-viper/mapstructure/v2 v2.2.1
go: downloading github.com/pelletier/go-toml v1.9.5
go: downloading github.com/ldez/grignotin v0.9.0
go: downloading github.com/mitchellh/go-homedir v1.1.0
go: downloading golang.org/x/mod v0.24.0
go: downloading github.com/golangci/plugin-module-register v0.1.1
go: downloading github.com/sirupsen/logrus v1.9.3
go: downloading github.com/stretchr/testify v1.10.0
go: downloading github.com/go-xmlfmt/xmlfmt v1.1.3
go: downloading github.com/golangci/revgrep v0.8.0
go: downloading golang.org/x/sys v0.31.0
go: downloading golang.org/x/text v0.22.0
go: downloading github.com/rogpeppe/go-internal v1.14.1
go: downloading github.com/fsnotify/fsnotify v1.5.4
go: downloading github.com/mitchellh/mapstructure v1.5.0
go: downloading github.com/spf13/afero v1.12.0
go: downloading github.com/spf13/cast v1.5.0
go: downloading github.com/spf13/jwalterweatherman v1.1.0
go: downloading github.com/alingse/asasalint v0.0.11
go: downloading github.com/tdakkota/asciicheck v0.4.1
go: downloading github.com/breml/bidichk v0.3.2
go: downloading github.com/timakin/bodyclose v0.0.0-20241017074812-ed6a65f985e3
go: downloading github.com/lasiar/canonicalheader v1.1.2
go: downloading github.com/sivchari/containedctx v1.0.3
go: downloading github.com/kkHAIKE/contextcheck v1.1.6
go: downloading github.com/karamaru-alpha/copyloopvar v1.2.1
go: downloading github.com/bkielbasa/cyclop v1.2.3
go: downloading gitlab.com/bosi/decorder v0.4.2
go: downloading github.com/OpenPeeDeeP/depguard/v2 v2.2.1
go: downloading github.com/golangci/dupl v0.0.0-20250308024227-f665c8d69b32
go: downloading github.com/Abirdcfly/dupword v0.1.3
go: downloading github.com/charithe/durationcheck v0.0.10
go: downloading github.com/Djarvur/go-err113 v0.0.0-20210108212216-aea10b59be24
go: downloading github.com/kisielk/errcheck v1.9.0
go: downloading github.com/breml/errchkjson v0.4.0
go: downloading github.com/Antonboom/errname v1.0.0
go: downloading github.com/polyfloyd/go-errorlint v1.7.1
go: downloading github.com/nishanths/exhaustive v0.12.0
go: downloading github.com/GaijinEntertainment/go-exhaustruct/v3 v3.3.1
go: downloading github.com/ldez/exptostd v0.4.2
go: downloading github.com/Crocmagnon/fatcontext v0.7.1
go: downloading github.com/ashanbrown/forbidigo v1.6.0
go: downloading github.com/gostaticanalysis/forcetypeassert v0.2.0
go: downloading github.com/ultraware/funlen v0.2.0
go: downloading github.com/nunnatsa/ginkgolinter v0.19.1
go: downloading 4d63.com/gocheckcompilerdirectives v1.3.0
go: downloading 4d63.com/gochecknoglobals v0.2.2
go: downloading github.com/alecthomas/go-check-sumtype v0.3.1
go: downloading github.com/uudashr/gocognit v1.2.0
go: downloading github.com/jgautheron/goconst v1.7.1
go: downloading github.com/go-critic/go-critic v0.12.0
go: downloading github.com/quasilyte/go-ruleguard/dsl v0.3.22
go: downloading github.com/fzipp/gocyclo v0.6.0
go: downloading github.com/quasilyte/go-ruleguard v0.4.3-0.20240823090925-0fe6f58b47b1
go: downloading github.com/tetafro/godot v1.5.0
go: downloading github.com/matoous/godox v1.1.0
go: downloading github.com/denis-tingaikin/go-header v0.5.0
go: downloading github.com/ldez/gomoddirectives v0.6.1
go: downloading github.com/ryancurrah/gomodguard v1.3.5
go: downloading github.com/golangci/go-printf-func-name v0.1.0
go: downloading github.com/securego/gosec/v2 v2.22.2
go: downloading honnef.co/go/tools v0.6.1
go: downloading github.com/xen0n/gosmopolitan v1.2.2
go: downloading github.com/leonklingele/grouper v1.1.2
go: downloading github.com/uudashr/iface v1.3.1
go: downloading github.com/julz/importas v0.2.0
go: downloading github.com/macabu/inamedparam v0.1.3
go: downloading github.com/gordonklaus/ineffassign v0.1.0
go: downloading github.com/sashamelentyev/interfacebloat v1.1.0
go: downloading github.com/ckaznocha/intrange v0.3.0
go: downloading github.com/butuzov/ireturn v0.3.1
go: downloading github.com/timonwong/loggercheck v0.10.1
go: downloading github.com/yagipy/maintidx v1.0.0
go: downloading github.com/ashanbrown/makezero v1.2.0
go: downloading github.com/butuzov/mirror v1.3.0
go: downloading github.com/golangci/misspell v0.6.0
go: downloading github.com/tommy-muehle/go-mnd/v2 v2.5.1
go: downloading go-simpler.org/musttag v0.13.0
go: downloading github.com/alexkohler/nakedret/v2 v2.0.5
go: downloading github.com/nakabonne/nestif v0.3.1
go: downloading github.com/gostaticanalysis/nilerr v0.1.1
go: downloading github.com/alingse/nilnesserr v0.1.2
go: downloading github.com/Antonboom/nilnil v1.0.1
go: downloading github.com/ssgreg/nlreturn/v2 v2.2.1
go: downloading github.com/sonatard/noctx v0.1.0
go: downloading github.com/firefart/nonamedreturns v1.0.5
go: downloading github.com/stbenjam/no-sprintf-host-port v0.2.0
go: downloading github.com/kunwardeep/paralleltest v1.0.10
go: downloading github.com/catenacyber/perfsprint v0.8.2
go: downloading github.com/alexkohler/prealloc v1.0.0
go: downloading github.com/nishanths/predeclared v0.2.2
go: downloading github.com/yeya24/promlinter v0.3.0
go: downloading github.com/ghostiam/protogetter v0.3.9
go: downloading github.com/curioswitch/go-reassign v0.3.0
go: downloading github.com/raeperd/recvcheck v0.2.0
go: downloading github.com/BurntSushi/toml v1.4.1-0.20240526193622-a339e1f7089c
go: downloading github.com/mgechev/revive v1.7.0
go: downloading github.com/jingyugao/rowserrcheck v1.1.1
go: downloading go-simpler.org/sloglint v0.9.0
go: downloading github.com/jjti/go-spancheck v0.6.4
go: downloading github.com/ryanrolds/sqlclosecheck v0.5.1
go: downloading github.com/4meepo/tagalign v1.4.2
go: downloading github.com/ldez/tagliatelle v0.7.1
go: downloading github.com/sivchari/tenv v1.12.1
go: downloading github.com/maratori/testableexamples v1.0.0
go: downloading github.com/Antonboom/testifylint v1.5.2
go: downloading github.com/maratori/testpackage v1.1.1
go: downloading github.com/kulti/thelper v0.6.3
go: downloading github.com/moricho/tparallel v0.3.2
go: downloading github.com/golangci/unconvert v0.0.0-20240309020433-c5143eacb3ed
go: downloading mvdan.cc/unparam v0.0.0-20240528143540-8a5130ca722f
go: downloading github.com/sashamelentyev/usestdlibvars v1.28.0
go: downloading github.com/ldez/usetesting v0.4.2
go: downloading github.com/blizzy78/varnamelen v0.8.0
go: downloading github.com/sanposhiho/wastedassign/v2 v2.1.0
go: downloading github.com/ultraware/whitespace v0.2.0
go: downloading github.com/tomarrell/wrapcheck/v2 v2.10.0
go: downloading github.com/bombsimon/wsl/v4 v4.5.0
go: downloading github.com/ykadowak/zerologlint v0.1.5
go: downloading github.com/stretchr/objx v0.5.2
go: downloading github.com/daixiang0/gci v0.13.5
go: downloading github.com/golangci/gofmt v0.0.0-20250106114630-d62b90e6713d
go: downloading mvdan.cc/gofumpt v0.7.0
go: downloading golang.org/x/sync v0.12.0
go: downloading github.com/subosito/gotenv v1.4.1
go: downloading github.com/hashicorp/hcl v1.0.0
go: downloading gopkg.in/ini.v1 v1.67.0
go: downloading github.com/magiconair/properties v1.8.6
go: downloading github.com/sourcegraph/go-diff v0.7.0
go: downloading github.com/gostaticanalysis/analysisutil v0.7.1
go: downloading github.com/go-toolsmith/astcast v1.1.0
go: downloading github.com/gobwas/glob v0.2.3
go: downloading gopkg.in/yaml.v2 v2.4.0
go: downloading github.com/go-toolsmith/astcopy v1.1.0
go: downloading github.com/go-toolsmith/astequal v1.2.0
go: downloading github.com/go-toolsmith/astfmt v1.1.0
go: downloading github.com/go-toolsmith/astp v1.1.0
go: downloading github.com/go-toolsmith/strparse v1.1.0
go: downloading github.com/go-toolsmith/typep v1.1.0
go: downloading github.com/quasilyte/regex/syntax v0.0.0-20210819130434-b3f0c404a727
go: downloading github.com/Masterminds/semver/v3 v3.3.0
go: downloading github.com/ccojocar/zxcvbn-go v1.0.2
go: downloading github.com/gostaticanalysis/comment v1.5.0
go: downloading github.com/prometheus/client_golang v1.12.1
go: downloading github.com/prometheus/client_model v0.2.0
go: downloading github.com/ettle/strcase v0.2.0
go: downloading github.com/hashicorp/go-immutable-radix/v2 v2.1.0
go: downloading github.com/hexops/gotextdiff v1.0.3
go: downloading go.uber.org/zap v1.24.0
go: downloading golang.org/x/exp/typeparams v0.0.0-20250210185358-939b2ce775ac
go: downloading github.com/quasilyte/gogrep v0.5.0
go: downloading golang.org/x/exp v0.0.0-20240909161429-701f63a606c0
go: downloading github.com/quasilyte/stdinfo v0.0.0-20220114132959-f7386bf02567
go: downloading github.com/golang/protobuf v1.5.3
go: downloading github.com/chavacava/garif v0.1.0
go: downloading github.com/olekukonko/tablewriter v0.0.5
go: downloading github.com/beorn7/perks v1.0.1
go: downloading github.com/cespare/xxhash/v2 v2.3.0
go: downloading github.com/prometheus/common v0.32.1
go: downloading github.com/prometheus/procfs v0.7.3
go: downloading google.golang.org/protobuf v1.36.5
go: downloading github.com/hashicorp/golang-lru/v2 v2.0.7
go: downloading go.uber.org/multierr v1.6.0
go: downloading github.com/matttproud/golang_protobuf_extensions v1.0.1
✓ Go tools installed in 57s

=== Installing npm Global Dependencies ===
Installing prettier...

added 1 package in 451ms

1 package is looking for funding
  run `npm fund` for details
✓ npm global packages installed in 1s

=== Installing JavaScript Dependencies ===
Running: npm ci

added 288 packages, and audited 289 packages in 6s

51 packages are looking for funding
  run `npm fund` for details

found 0 vulnerabilities
✓ JavaScript dependencies installed in 6s

=== Downloading GitHub Actions Schema ===
✓ Downloaded GitHub Actions schema (97634 bytes)
✓ Schema downloaded in 0s

=== Building gh-aw Binary ===
Running: make build
go build -ldflags "-s -w -X main.version=e939caa" -o gh-aw ./cmd/gh-aw
✓ Built gh-aw binary (17797412 bytes)
ℹ gh aw version e939caa
ℹ GitHub Agentic Workflows CLI from GitHub Next
✓ Binary built in 8s

=== Build Environment Ready ===
✓ Go: go version go1.24.5 linux/amd64
✓ Node: v24.10.0
✓ npm: 11.6.1
✓ gh-aw: 
✓ gopls: golang.org/x/tools/gopls v0.20.0
✓ golangci-lint: golangci-lint has version v1.64.8 built with go1.24.5 from (unknown, modified: ?, mod sum: "h1:y5TdeVidMtBGG32zgSC7ZXTFNHrsJkDnpO4ItB3Am+I=") on (unknown)
✓ actionlint: v1.7.8
installed by building from source
built with go1.24.5 compiler for linux/amd64
✓ prettier: 3.6.2

Performance development environment ready!
See build-steps.log for complete setup details
=== Creating Performance Testing Directories ===
✓ Created /tmp/gh-aw/perf for performance test artifacts
✓ Created /tmp/gh-aw/benchmarks for benchmark results

